{"/home/justin/cardGames/blackjackHand.js": {"path":"/home/justin/cardGames/blackjackHand.js","statementMap":{"0":{"start":{"line":1,"column":13},"end":{"line":1,"column":33}},"1":{"start":{"line":4,"column":22},"end":{"line":4,"column":41}},"2":{"start":{"line":5,"column":0},"end":{"line":8,"column":1}},"3":{"start":{"line":6,"column":12},"end":{"line":6,"column":55}},"4":{"start":{"line":6,"column":38},"end":{"line":6,"column":54}},"5":{"start":{"line":7,"column":1},"end":{"line":7,"column":20}},"6":{"start":{"line":9,"column":0},"end":{"line":24,"column":1}},"7":{"start":{"line":11,"column":11},"end":{"line":11,"column":12}},"8":{"start":{"line":12,"column":16},"end":{"line":12,"column":32}},"9":{"start":{"line":13,"column":18},"end":{"line":13,"column":52}},"10":{"start":{"line":13,"column":41},"end":{"line":13,"column":51}},"11":{"start":{"line":14,"column":1},"end":{"line":14,"column":64}},"12":{"start":{"line":14,"column":37},"end":{"line":14,"column":62}},"13":{"start":{"line":16,"column":2},"end":{"line":16,"column":53}},"14":{"start":{"line":16,"column":41},"end":{"line":16,"column":51}},"15":{"start":{"line":17,"column":1},"end":{"line":17,"column":22}},"16":{"start":{"line":19,"column":1},"end":{"line":22,"column":2}},"17":{"start":{"line":20,"column":2},"end":{"line":20,"column":12}},"18":{"start":{"line":21,"column":2},"end":{"line":21,"column":16}},"19":{"start":{"line":23,"column":2},"end":{"line":23,"column":13}},"20":{"start":{"line":48,"column":0},"end":{"line":48,"column":31}}},"fnMap":{"0":{"name":"(anonymous_0)","decl":{"start":{"line":5,"column":26},"end":{"line":5,"column":27}},"loc":{"start":{"line":5,"column":37},"end":{"line":8,"column":1}},"line":5},"1":{"name":"(anonymous_1)","decl":{"start":{"line":6,"column":30},"end":{"line":6,"column":31}},"loc":{"start":{"line":6,"column":38},"end":{"line":6,"column":54}},"line":6},"2":{"name":"(anonymous_2)","decl":{"start":{"line":9,"column":30},"end":{"line":9,"column":31}},"loc":{"start":{"line":9,"column":41},"end":{"line":24,"column":1}},"line":9},"3":{"name":"(anonymous_3)","decl":{"start":{"line":13,"column":33},"end":{"line":13,"column":34}},"loc":{"start":{"line":13,"column":41},"end":{"line":13,"column":51}},"line":13},"4":{"name":"(anonymous_4)","decl":{"start":{"line":14,"column":29},"end":{"line":14,"column":30}},"loc":{"start":{"line":14,"column":37},"end":{"line":14,"column":62}},"line":14},"5":{"name":"(anonymous_5)","decl":{"start":{"line":16,"column":26},"end":{"line":16,"column":27}},"loc":{"start":{"line":16,"column":41},"end":{"line":16,"column":51}},"line":16}},"branchMap":{"0":{"loc":{"start":{"line":14,"column":37},"end":{"line":14,"column":62}},"type":"cond-expr","locations":[{"start":{"line":14,"column":52},"end":{"line":14,"column":54}},{"start":{"line":14,"column":57},"end":{"line":14,"column":62}}],"line":14},"1":{"loc":{"start":{"line":19,"column":8},"end":{"line":19,"column":32}},"type":"binary-expr","locations":[{"start":{"line":19,"column":8},"end":{"line":19,"column":16}},{"start":{"line":19,"column":20},"end":{"line":19,"column":32}}],"line":19}},"s":{"0":1,"1":1,"2":1,"3":6,"4":16,"5":6,"6":1,"7":6,"8":6,"9":6,"10":16,"11":6,"12":16,"13":6,"14":10,"15":6,"16":6,"17":4,"18":4,"19":6,"20":1},"f":{"0":6,"1":16,"2":6,"3":16,"4":16,"5":10},"b":{"0":[2,14],"1":[10,4]},"_coverageSchema":"332fd63041d2c1bcb487cc26dd0d5f7d97098a6c","hash":"9f7634aa35e045a26981d944cb18fe20124bf9ab"}
,"/home/justin/cardGames/card.js": {"path":"/home/justin/cardGames/card.js","statementMap":{"0":{"start":{"line":4,"column":14},"end":{"line":4,"column":55}},"1":{"start":{"line":6,"column":15},"end":{"line":20,"column":1}},"2":{"start":{"line":25,"column":13},"end":{"line":33,"column":1}},"3":{"start":{"line":27,"column":4},"end":{"line":27,"column":23}},"4":{"start":{"line":28,"column":4},"end":{"line":28,"column":21}},"5":{"start":{"line":31,"column":4},"end":{"line":31,"column":51}},"6":{"start":{"line":41,"column":25},"end":{"line":41,"column":44}},"7":{"start":{"line":42,"column":0},"end":{"line":45,"column":1}},"8":{"start":{"line":43,"column":2},"end":{"line":43,"column":27}},"9":{"start":{"line":44,"column":2},"end":{"line":44,"column":31}},"10":{"start":{"line":46,"column":0},"end":{"line":48,"column":1}},"11":{"start":{"line":47,"column":2},"end":{"line":47,"column":25}},"12":{"start":{"line":49,"column":0},"end":{"line":51,"column":1}},"13":{"start":{"line":50,"column":2},"end":{"line":50,"column":26}},"14":{"start":{"line":52,"column":0},"end":{"line":58,"column":1}},"15":{"start":{"line":53,"column":2},"end":{"line":57,"column":3}},"16":{"start":{"line":54,"column":4},"end":{"line":54,"column":23}},"17":{"start":{"line":56,"column":4},"end":{"line":56,"column":27}},"18":{"start":{"line":59,"column":0},"end":{"line":61,"column":1}},"19":{"start":{"line":60,"column":2},"end":{"line":60,"column":37}},"20":{"start":{"line":71,"column":0},"end":{"line":71,"column":34}}},"fnMap":{"0":{"name":"(anonymous_0)","decl":{"start":{"line":42,"column":31},"end":{"line":42,"column":32}},"loc":{"start":{"line":42,"column":81},"end":{"line":45,"column":1}},"line":42},"1":{"name":"(anonymous_1)","decl":{"start":{"line":46,"column":32},"end":{"line":46,"column":33}},"loc":{"start":{"line":46,"column":43},"end":{"line":48,"column":1}},"line":46},"2":{"name":"(anonymous_2)","decl":{"start":{"line":49,"column":30},"end":{"line":49,"column":31}},"loc":{"start":{"line":49,"column":41},"end":{"line":51,"column":1}},"line":49},"3":{"name":"(anonymous_3)","decl":{"start":{"line":52,"column":28},"end":{"line":52,"column":29}},"loc":{"start":{"line":52,"column":39},"end":{"line":58,"column":1}},"line":52},"4":{"name":"(anonymous_4)","decl":{"start":{"line":59,"column":28},"end":{"line":59,"column":29}},"loc":{"start":{"line":59,"column":39},"end":{"line":61,"column":1}},"line":59}},"branchMap":{"0":{"loc":{"start":{"line":42,"column":55},"end":{"line":42,"column":79}},"type":"default-arg","locations":[{"start":{"line":42,"column":77},"end":{"line":42,"column":79}}],"line":42},"1":{"loc":{"start":{"line":42,"column":56},"end":{"line":42,"column":73}},"type":"default-arg","locations":[{"start":{"line":42,"column":69},"end":{"line":42,"column":73}}],"line":42},"2":{"loc":{"start":{"line":53,"column":2},"end":{"line":57,"column":3}},"type":"if","locations":[{"start":{"line":53,"column":2},"end":{"line":57,"column":3}},{"start":{"line":53,"column":2},"end":{"line":57,"column":3}}],"line":53}},"s":{"0":3,"1":3,"2":3,"3":227,"4":227,"5":3,"6":3,"7":3,"8":227,"9":227,"10":3,"11":1,"12":3,"13":1,"14":3,"15":58,"16":55,"17":3,"18":3,"19":2,"20":3},"f":{"0":227,"1":1,"2":1,"3":58,"4":2},"b":{"0":[2],"1":[2],"2":[55,3]},"_coverageSchema":"332fd63041d2c1bcb487cc26dd0d5f7d97098a6c","hash":"bbb69b64baba7c5da7c02b7525bb1d929624da98"}
,"/home/justin/cardGames/deck.js": {"path":"/home/justin/cardGames/deck.js","statementMap":{"0":{"start":{"line":1,"column":25},"end":{"line":1,"column":42}},"1":{"start":{"line":8,"column":13},"end":{"line":95,"column":1}},"2":{"start":{"line":11,"column":4},"end":{"line":11,"column":27}},"3":{"start":{"line":14,"column":12},"end":{"line":14,"column":14}},"4":{"start":{"line":15,"column":4},"end":{"line":19,"column":6}},"5":{"start":{"line":17,"column":3},"end":{"line":17,"column":26}},"6":{"start":{"line":18,"column":3},"end":{"line":18,"column":15}},"7":{"start":{"line":20,"column":2},"end":{"line":20,"column":13}},"8":{"start":{"line":27,"column":22},"end":{"line":27,"column":47}},"9":{"start":{"line":28,"column":4},"end":{"line":32,"column":5}},"10":{"start":{"line":29,"column":22},"end":{"line":29,"column":38}},"11":{"start":{"line":30,"column":29},"end":{"line":30,"column":80}},"12":{"start":{"line":31,"column":6},"end":{"line":31,"column":52}},"13":{"start":{"line":35,"column":4},"end":{"line":35,"column":26}},"14":{"start":{"line":63,"column":24},"end":{"line":63,"column":40}},"15":{"start":{"line":64,"column":4},"end":{"line":64,"column":40}},"16":{"start":{"line":68,"column":4},"end":{"line":68,"column":20}},"17":{"start":{"line":70,"column":18},"end":{"line":70,"column":59}},"18":{"start":{"line":71,"column":19},"end":{"line":85,"column":5}},"19":{"start":{"line":86,"column":4},"end":{"line":92,"column":5}},"20":{"start":{"line":87,"column":6},"end":{"line":91,"column":7}},"21":{"start":{"line":88,"column":21},"end":{"line":88,"column":52}},"22":{"start":{"line":89,"column":8},"end":{"line":89,"column":75}},"23":{"start":{"line":90,"column":8},"end":{"line":90,"column":30}},"24":{"start":{"line":97,"column":0},"end":{"line":97,"column":22}}},"fnMap":{"0":{"name":"(anonymous_0)","decl":{"start":{"line":15,"column":23},"end":{"line":15,"column":24}},"loc":{"start":{"line":15,"column":33},"end":{"line":19,"column":5}},"line":15},"1":{"name":"shuffle","decl":{"start":{"line":22,"column":20},"end":{"line":22,"column":27}},"loc":{"start":{"line":22,"column":30},"end":{"line":33,"column":3}},"line":22}},"branchMap":{"0":{"loc":{"start":{"line":9,"column":7},"end":{"line":9,"column":21}},"type":"default-arg","locations":[{"start":{"line":9,"column":19},"end":{"line":9,"column":21}}],"line":9}},"s":{"0":2,"1":2,"2":11,"3":1,"4":1,"5":52,"6":52,"7":1,"8":1,"9":1,"10":360,"11":360,"12":360,"13":17,"14":1,"15":1,"16":4,"17":4,"18":4,"19":4,"20":16,"21":208,"22":208,"23":208,"24":2},"f":{"0":52,"1":1},"b":{"0":[11]},"_coverageSchema":"332fd63041d2c1bcb487cc26dd0d5f7d97098a6c","hash":"18f7cb07a642e002282dc8ba6d96a21d328f2245"}
}
