{"/home/justin/deckOfCards/blackjack.js": {"path":"/home/justin/deckOfCards/blackjack.js","statementMap":{"0":{"start":{"line":1,"column":13},"end":{"line":1,"column":33}},"1":{"start":{"line":2,"column":22},"end":{"line":2,"column":51}},"2":{"start":{"line":3,"column":15},"end":{"line":3,"column":37}},"3":{"start":{"line":38,"column":13},"end":{"line":148,"column":1}},"4":{"start":{"line":40,"column":17},"end":{"line":40,"column":38}},"5":{"start":{"line":41,"column":2},"end":{"line":41,"column":31}},"6":{"start":{"line":42,"column":2},"end":{"line":42,"column":26}},"7":{"start":{"line":43,"column":2},"end":{"line":43,"column":19}},"8":{"start":{"line":44,"column":2},"end":{"line":44,"column":26}},"9":{"start":{"line":47,"column":2},"end":{"line":47,"column":28}},"10":{"start":{"line":50,"column":2},"end":{"line":50,"column":26}},"11":{"start":{"line":54,"column":2},"end":{"line":54,"column":21}},"12":{"start":{"line":55,"column":2},"end":{"line":55,"column":27}},"13":{"start":{"line":56,"column":4},"end":{"line":58,"column":6}},"14":{"start":{"line":57,"column":6},"end":{"line":57,"column":40}},"15":{"start":{"line":60,"column":4},"end":{"line":60,"column":18}},"16":{"start":{"line":61,"column":2},"end":{"line":61,"column":27}},"17":{"start":{"line":65,"column":4},"end":{"line":67,"column":6}},"18":{"start":{"line":66,"column":6},"end":{"line":66,"column":40}},"19":{"start":{"line":68,"column":4},"end":{"line":68,"column":18}},"20":{"start":{"line":70,"column":2},"end":{"line":70,"column":26}},"21":{"start":{"line":78,"column":2},"end":{"line":80,"column":3}},"22":{"start":{"line":79,"column":3},"end":{"line":79,"column":26}},"23":{"start":{"line":81,"column":4},"end":{"line":81,"column":18}},"24":{"start":{"line":88,"column":2},"end":{"line":92,"column":5}},"25":{"start":{"line":91,"column":3},"end":{"line":91,"column":41}},"26":{"start":{"line":95,"column":18},"end":{"line":95,"column":39}},"27":{"start":{"line":96,"column":17},"end":{"line":96,"column":32}},"28":{"start":{"line":97,"column":27},"end":{"line":97,"column":32}},"29":{"start":{"line":99,"column":2},"end":{"line":116,"column":4}},"30":{"start":{"line":100,"column":3},"end":{"line":115,"column":4}},"31":{"start":{"line":101,"column":4},"end":{"line":101,"column":51}},"32":{"start":{"line":103,"column":4},"end":{"line":113,"column":5}},"33":{"start":{"line":104,"column":5},"end":{"line":104,"column":41}},"34":{"start":{"line":105,"column":25},"end":{"line":105,"column":52}},"35":{"start":{"line":106,"column":5},"end":{"line":112,"column":6}},"36":{"start":{"line":107,"column":6},"end":{"line":107,"column":50}},"37":{"start":{"line":108,"column":6},"end":{"line":108,"column":30}},"38":{"start":{"line":109,"column":6},"end":{"line":109,"column":40}},"39":{"start":{"line":111,"column":6},"end":{"line":111,"column":43}},"40":{"start":{"line":114,"column":4},"end":{"line":114,"column":15}},"41":{"start":{"line":118,"column":2},"end":{"line":120,"column":3}},"42":{"start":{"line":119,"column":3},"end":{"line":119,"column":26}},"43":{"start":{"line":126,"column":15},"end":{"line":126,"column":16}},"44":{"start":{"line":127,"column":2},"end":{"line":132,"column":5}},"45":{"start":{"line":128,"column":3},"end":{"line":131,"column":4}},"46":{"start":{"line":129,"column":4},"end":{"line":129,"column":26}},"47":{"start":{"line":130,"column":4},"end":{"line":130,"column":20}},"48":{"start":{"line":133,"column":2},"end":{"line":133,"column":25}},"49":{"start":{"line":134,"column":2},"end":{"line":134,"column":36}},"50":{"start":{"line":138,"column":4},"end":{"line":138,"column":25}},"51":{"start":{"line":139,"column":4},"end":{"line":144,"column":6}},"52":{"start":{"line":140,"column":6},"end":{"line":140,"column":36}},"53":{"start":{"line":141,"column":6},"end":{"line":143,"column":8}},"54":{"start":{"line":142,"column":8},"end":{"line":142,"column":45}},"55":{"start":{"line":146,"column":4},"end":{"line":146,"column":25}},"56":{"start":{"line":150,"column":0},"end":{"line":150,"column":22}}},"fnMap":{"0":{"name":"(anonymous_0)","decl":{"start":{"line":56,"column":25},"end":{"line":56,"column":26}},"loc":{"start":{"line":56,"column":37},"end":{"line":58,"column":5}},"line":56},"1":{"name":"(anonymous_1)","decl":{"start":{"line":65,"column":34},"end":{"line":65,"column":35}},"loc":{"start":{"line":65,"column":46},"end":{"line":67,"column":5}},"line":65},"2":{"name":"(anonymous_2)","decl":{"start":{"line":88,"column":23},"end":{"line":88,"column":24}},"loc":{"start":{"line":88,"column":35},"end":{"line":92,"column":3}},"line":88},"3":{"name":"(anonymous_3)","decl":{"start":{"line":99,"column":18},"end":{"line":99,"column":19}},"loc":{"start":{"line":99,"column":30},"end":{"line":116,"column":3}},"line":99},"4":{"name":"(anonymous_4)","decl":{"start":{"line":127,"column":23},"end":{"line":127,"column":24}},"loc":{"start":{"line":127,"column":35},"end":{"line":132,"column":3}},"line":127},"5":{"name":"(anonymous_5)","decl":{"start":{"line":139,"column":25},"end":{"line":139,"column":26}},"loc":{"start":{"line":139,"column":37},"end":{"line":144,"column":5}},"line":139},"6":{"name":"(anonymous_6)","decl":{"start":{"line":141,"column":32},"end":{"line":141,"column":33}},"loc":{"start":{"line":141,"column":42},"end":{"line":143,"column":7}},"line":141}},"branchMap":{"0":{"loc":{"start":{"line":100,"column":3},"end":{"line":115,"column":4}},"type":"if","locations":[{"start":{"line":100,"column":3},"end":{"line":115,"column":4}},{"start":{"line":100,"column":3},"end":{"line":115,"column":4}}],"line":100},"1":{"loc":{"start":{"line":103,"column":4},"end":{"line":113,"column":5}},"type":"if","locations":[{"start":{"line":103,"column":4},"end":{"line":113,"column":5}},{"start":{"line":103,"column":4},"end":{"line":113,"column":5}}],"line":103},"2":{"loc":{"start":{"line":106,"column":5},"end":{"line":112,"column":6}},"type":"if","locations":[{"start":{"line":106,"column":5},"end":{"line":112,"column":6}},{"start":{"line":106,"column":5},"end":{"line":112,"column":6}}],"line":106},"3":{"loc":{"start":{"line":118,"column":2},"end":{"line":120,"column":3}},"type":"if","locations":[{"start":{"line":118,"column":2},"end":{"line":120,"column":3}},{"start":{"line":118,"column":2},"end":{"line":120,"column":3}}],"line":118},"4":{"loc":{"start":{"line":128,"column":3},"end":{"line":131,"column":4}},"type":"if","locations":[{"start":{"line":128,"column":3},"end":{"line":131,"column":4}},{"start":{"line":128,"column":3},"end":{"line":131,"column":4}}],"line":128}},"s":{"0":1,"1":1,"2":1,"3":1,"4":1,"5":1,"6":1,"7":1,"8":1,"9":1,"10":1,"11":1,"12":1,"13":1,"14":2,"15":1,"16":1,"17":1,"18":1,"19":1,"20":1,"21":1,"22":1,"23":1,"24":2,"25":4,"26":1,"27":1,"28":1,"29":1,"30":1,"31":0,"32":0,"33":0,"34":0,"35":0,"36":0,"37":0,"38":0,"39":0,"40":0,"41":1,"42":0,"43":1,"44":1,"45":2,"46":1,"47":1,"48":1,"49":1,"50":3,"51":3,"52":6,"53":6,"54":10,"55":3,"56":1},"f":{"0":2,"1":1,"2":4,"3":1,"4":2,"5":6,"6":10},"b":{"0":[0,1],"1":[0,0],"2":[0,0],"3":[0,1],"4":[1,1]},"_coverageSchema":"332fd63041d2c1bcb487cc26dd0d5f7d97098a6c","hash":"5b54a966fe0e62df805040f95991a9e5d356ccb0"}
,"/home/justin/deckOfCards/blackjackHand.js": {"path":"/home/justin/deckOfCards/blackjackHand.js","statementMap":{"0":{"start":{"line":1,"column":13},"end":{"line":1,"column":33}},"1":{"start":{"line":4,"column":22},"end":{"line":4,"column":41}},"2":{"start":{"line":5,"column":0},"end":{"line":8,"column":1}},"3":{"start":{"line":6,"column":12},"end":{"line":6,"column":55}},"4":{"start":{"line":6,"column":38},"end":{"line":6,"column":54}},"5":{"start":{"line":7,"column":1},"end":{"line":7,"column":20}},"6":{"start":{"line":9,"column":0},"end":{"line":24,"column":1}},"7":{"start":{"line":11,"column":11},"end":{"line":11,"column":12}},"8":{"start":{"line":12,"column":16},"end":{"line":12,"column":32}},"9":{"start":{"line":13,"column":18},"end":{"line":13,"column":52}},"10":{"start":{"line":13,"column":41},"end":{"line":13,"column":51}},"11":{"start":{"line":14,"column":1},"end":{"line":14,"column":64}},"12":{"start":{"line":14,"column":37},"end":{"line":14,"column":62}},"13":{"start":{"line":16,"column":2},"end":{"line":16,"column":53}},"14":{"start":{"line":16,"column":41},"end":{"line":16,"column":51}},"15":{"start":{"line":17,"column":1},"end":{"line":17,"column":22}},"16":{"start":{"line":19,"column":1},"end":{"line":22,"column":2}},"17":{"start":{"line":20,"column":2},"end":{"line":20,"column":12}},"18":{"start":{"line":21,"column":2},"end":{"line":21,"column":16}},"19":{"start":{"line":23,"column":2},"end":{"line":23,"column":13}},"20":{"start":{"line":48,"column":0},"end":{"line":48,"column":31}}},"fnMap":{"0":{"name":"(anonymous_0)","decl":{"start":{"line":5,"column":26},"end":{"line":5,"column":27}},"loc":{"start":{"line":5,"column":37},"end":{"line":8,"column":1}},"line":5},"1":{"name":"(anonymous_1)","decl":{"start":{"line":6,"column":30},"end":{"line":6,"column":31}},"loc":{"start":{"line":6,"column":38},"end":{"line":6,"column":54}},"line":6},"2":{"name":"(anonymous_2)","decl":{"start":{"line":9,"column":30},"end":{"line":9,"column":31}},"loc":{"start":{"line":9,"column":41},"end":{"line":24,"column":1}},"line":9},"3":{"name":"(anonymous_3)","decl":{"start":{"line":13,"column":33},"end":{"line":13,"column":34}},"loc":{"start":{"line":13,"column":41},"end":{"line":13,"column":51}},"line":13},"4":{"name":"(anonymous_4)","decl":{"start":{"line":14,"column":29},"end":{"line":14,"column":30}},"loc":{"start":{"line":14,"column":37},"end":{"line":14,"column":62}},"line":14},"5":{"name":"(anonymous_5)","decl":{"start":{"line":16,"column":26},"end":{"line":16,"column":27}},"loc":{"start":{"line":16,"column":41},"end":{"line":16,"column":51}},"line":16}},"branchMap":{"0":{"loc":{"start":{"line":14,"column":37},"end":{"line":14,"column":62}},"type":"cond-expr","locations":[{"start":{"line":14,"column":52},"end":{"line":14,"column":54}},{"start":{"line":14,"column":57},"end":{"line":14,"column":62}}],"line":14},"1":{"loc":{"start":{"line":19,"column":8},"end":{"line":19,"column":32}},"type":"binary-expr","locations":[{"start":{"line":19,"column":8},"end":{"line":19,"column":16}},{"start":{"line":19,"column":20},"end":{"line":19,"column":32}}],"line":19}},"s":{"0":2,"1":2,"2":2,"3":11,"4":26,"5":11,"6":2,"7":11,"8":11,"9":11,"10":26,"11":11,"12":26,"13":11,"14":15,"15":11,"16":11,"17":4,"18":4,"19":11,"20":2},"f":{"0":11,"1":26,"2":11,"3":26,"4":26,"5":15},"b":{"0":[7,19],"1":[15,4]},"_coverageSchema":"332fd63041d2c1bcb487cc26dd0d5f7d97098a6c","hash":"889b002dce4839d390cd376a2b917ee033315657"}
,"/home/justin/deckOfCards/card.js": {"path":"/home/justin/deckOfCards/card.js","statementMap":{"0":{"start":{"line":4,"column":14},"end":{"line":4,"column":55}},"1":{"start":{"line":6,"column":15},"end":{"line":20,"column":1}},"2":{"start":{"line":25,"column":13},"end":{"line":33,"column":1}},"3":{"start":{"line":27,"column":4},"end":{"line":27,"column":23}},"4":{"start":{"line":28,"column":4},"end":{"line":28,"column":21}},"5":{"start":{"line":31,"column":4},"end":{"line":31,"column":51}},"6":{"start":{"line":41,"column":25},"end":{"line":41,"column":44}},"7":{"start":{"line":42,"column":0},"end":{"line":45,"column":1}},"8":{"start":{"line":43,"column":2},"end":{"line":43,"column":27}},"9":{"start":{"line":44,"column":2},"end":{"line":44,"column":31}},"10":{"start":{"line":46,"column":0},"end":{"line":48,"column":1}},"11":{"start":{"line":47,"column":2},"end":{"line":47,"column":25}},"12":{"start":{"line":49,"column":0},"end":{"line":51,"column":1}},"13":{"start":{"line":50,"column":2},"end":{"line":50,"column":26}},"14":{"start":{"line":52,"column":0},"end":{"line":58,"column":1}},"15":{"start":{"line":53,"column":2},"end":{"line":57,"column":3}},"16":{"start":{"line":54,"column":4},"end":{"line":54,"column":23}},"17":{"start":{"line":56,"column":4},"end":{"line":56,"column":27}},"18":{"start":{"line":59,"column":0},"end":{"line":61,"column":1}},"19":{"start":{"line":60,"column":2},"end":{"line":60,"column":37}},"20":{"start":{"line":71,"column":0},"end":{"line":71,"column":34}}},"fnMap":{"0":{"name":"(anonymous_0)","decl":{"start":{"line":42,"column":31},"end":{"line":42,"column":32}},"loc":{"start":{"line":42,"column":81},"end":{"line":45,"column":1}},"line":42},"1":{"name":"(anonymous_1)","decl":{"start":{"line":46,"column":32},"end":{"line":46,"column":33}},"loc":{"start":{"line":46,"column":43},"end":{"line":48,"column":1}},"line":46},"2":{"name":"(anonymous_2)","decl":{"start":{"line":49,"column":30},"end":{"line":49,"column":31}},"loc":{"start":{"line":49,"column":41},"end":{"line":51,"column":1}},"line":49},"3":{"name":"(anonymous_3)","decl":{"start":{"line":52,"column":28},"end":{"line":52,"column":29}},"loc":{"start":{"line":52,"column":39},"end":{"line":58,"column":1}},"line":52},"4":{"name":"(anonymous_4)","decl":{"start":{"line":59,"column":28},"end":{"line":59,"column":29}},"loc":{"start":{"line":59,"column":39},"end":{"line":61,"column":1}},"line":59}},"branchMap":{"0":{"loc":{"start":{"line":42,"column":55},"end":{"line":42,"column":79}},"type":"default-arg","locations":[{"start":{"line":42,"column":77},"end":{"line":42,"column":79}}],"line":42},"1":{"loc":{"start":{"line":42,"column":56},"end":{"line":42,"column":73}},"type":"default-arg","locations":[{"start":{"line":42,"column":69},"end":{"line":42,"column":73}}],"line":42},"2":{"loc":{"start":{"line":53,"column":2},"end":{"line":57,"column":3}},"type":"if","locations":[{"start":{"line":53,"column":2},"end":{"line":57,"column":3}},{"start":{"line":53,"column":2},"end":{"line":57,"column":3}}],"line":53}},"s":{"0":4,"1":4,"2":4,"3":231,"4":231,"5":13,"6":4,"7":4,"8":231,"9":231,"10":4,"11":1,"12":4,"13":4,"14":4,"15":68,"16":55,"17":13,"18":4,"19":2,"20":4},"f":{"0":231,"1":1,"2":4,"3":68,"4":2},"b":{"0":[2],"1":[2],"2":[55,13]},"_coverageSchema":"332fd63041d2c1bcb487cc26dd0d5f7d97098a6c","hash":"cb32e4a2b5929e0d3a63e23bc06d85c3c47bb1b2"}
,"/home/justin/deckOfCards/deck.js": {"path":"/home/justin/deckOfCards/deck.js","statementMap":{"0":{"start":{"line":1,"column":25},"end":{"line":1,"column":42}},"1":{"start":{"line":8,"column":13},"end":{"line":95,"column":1}},"2":{"start":{"line":11,"column":4},"end":{"line":11,"column":27}},"3":{"start":{"line":14,"column":12},"end":{"line":14,"column":14}},"4":{"start":{"line":15,"column":4},"end":{"line":19,"column":6}},"5":{"start":{"line":17,"column":3},"end":{"line":17,"column":26}},"6":{"start":{"line":18,"column":3},"end":{"line":18,"column":15}},"7":{"start":{"line":20,"column":2},"end":{"line":20,"column":13}},"8":{"start":{"line":27,"column":22},"end":{"line":27,"column":47}},"9":{"start":{"line":28,"column":4},"end":{"line":32,"column":5}},"10":{"start":{"line":29,"column":22},"end":{"line":29,"column":38}},"11":{"start":{"line":30,"column":29},"end":{"line":30,"column":80}},"12":{"start":{"line":31,"column":6},"end":{"line":31,"column":52}},"13":{"start":{"line":35,"column":4},"end":{"line":35,"column":26}},"14":{"start":{"line":63,"column":24},"end":{"line":63,"column":40}},"15":{"start":{"line":64,"column":4},"end":{"line":64,"column":40}},"16":{"start":{"line":68,"column":4},"end":{"line":68,"column":20}},"17":{"start":{"line":70,"column":18},"end":{"line":70,"column":59}},"18":{"start":{"line":71,"column":19},"end":{"line":85,"column":5}},"19":{"start":{"line":86,"column":4},"end":{"line":92,"column":5}},"20":{"start":{"line":87,"column":6},"end":{"line":91,"column":7}},"21":{"start":{"line":88,"column":21},"end":{"line":88,"column":52}},"22":{"start":{"line":89,"column":8},"end":{"line":89,"column":75}},"23":{"start":{"line":90,"column":8},"end":{"line":90,"column":30}},"24":{"start":{"line":97,"column":0},"end":{"line":97,"column":22}}},"fnMap":{"0":{"name":"(anonymous_0)","decl":{"start":{"line":15,"column":23},"end":{"line":15,"column":24}},"loc":{"start":{"line":15,"column":33},"end":{"line":19,"column":5}},"line":15},"1":{"name":"shuffle","decl":{"start":{"line":22,"column":20},"end":{"line":22,"column":27}},"loc":{"start":{"line":22,"column":30},"end":{"line":33,"column":3}},"line":22}},"branchMap":{"0":{"loc":{"start":{"line":9,"column":7},"end":{"line":9,"column":21}},"type":"default-arg","locations":[{"start":{"line":9,"column":19},"end":{"line":9,"column":21}}],"line":9}},"s":{"0":3,"1":3,"2":14,"3":1,"4":1,"5":52,"6":52,"7":1,"8":1,"9":1,"10":360,"11":360,"12":360,"13":25,"14":5,"15":5,"16":4,"17":4,"18":4,"19":4,"20":16,"21":208,"22":208,"23":208,"24":3},"f":{"0":52,"1":1},"b":{"0":[14]},"_coverageSchema":"332fd63041d2c1bcb487cc26dd0d5f7d97098a6c","hash":"acae172e8c6b800c6d3c91e2268b41fcf2dac702"}
,"/home/justin/deckOfCards/player.js": {"path":"/home/justin/deckOfCards/player.js","statementMap":{"0":{"start":{"line":1,"column":13},"end":{"line":1,"column":33}},"1":{"start":{"line":2,"column":22},"end":{"line":2,"column":51}},"2":{"start":{"line":4,"column":15},"end":{"line":29,"column":1}},"3":{"start":{"line":6,"column":4},"end":{"line":6,"column":21}},"4":{"start":{"line":7,"column":4},"end":{"line":7,"column":23}},"5":{"start":{"line":8,"column":17},"end":{"line":8,"column":45}},"6":{"start":{"line":9,"column":4},"end":{"line":9,"column":16}},"7":{"start":{"line":10,"column":4},"end":{"line":10,"column":21}},"8":{"start":{"line":27,"column":4},"end":{"line":27,"column":37}},"9":{"start":{"line":31,"column":0},"end":{"line":31,"column":24}}},"fnMap":{},"branchMap":{},"s":{"0":1,"1":1,"2":1,"3":2,"4":2,"5":2,"6":2,"7":2,"8":4,"9":1},"f":{},"b":{},"_coverageSchema":"332fd63041d2c1bcb487cc26dd0d5f7d97098a6c","hash":"d94478d759dd12943f99e272515034b09fff0153"}
}
