TN:
SF:/home/justin/deckOfCards/blackjack.js
FN:56,(anonymous_0)
FN:65,(anonymous_1)
FN:88,(anonymous_2)
FN:99,(anonymous_3)
FN:127,(anonymous_4)
FN:139,(anonymous_5)
FN:141,(anonymous_6)
FNF:7
FNH:7
FNDA:2,(anonymous_0)
FNDA:1,(anonymous_1)
FNDA:4,(anonymous_2)
FNDA:1,(anonymous_3)
FNDA:2,(anonymous_4)
FNDA:6,(anonymous_5)
FNDA:10,(anonymous_6)
DA:1,1
DA:2,1
DA:3,1
DA:38,1
DA:40,1
DA:41,1
DA:42,1
DA:43,1
DA:44,1
DA:47,1
DA:50,1
DA:54,1
DA:55,1
DA:56,1
DA:57,2
DA:60,1
DA:61,1
DA:65,1
DA:66,1
DA:68,1
DA:70,1
DA:78,1
DA:79,1
DA:81,1
DA:88,2
DA:91,4
DA:95,1
DA:96,1
DA:97,1
DA:99,1
DA:100,1
DA:101,0
DA:103,0
DA:104,0
DA:105,0
DA:106,0
DA:107,0
DA:108,0
DA:109,0
DA:111,0
DA:114,0
DA:118,1
DA:119,0
DA:126,1
DA:127,1
DA:128,2
DA:129,1
DA:130,1
DA:133,1
DA:134,1
DA:138,3
DA:139,3
DA:140,6
DA:141,6
DA:142,10
DA:146,3
DA:150,1
LF:57
LH:46
BRDA:100,0,0,0
BRDA:100,0,1,1
BRDA:103,1,0,0
BRDA:103,1,1,0
BRDA:106,2,0,0
BRDA:106,2,1,0
BRDA:118,3,0,0
BRDA:118,3,1,1
BRDA:128,4,0,1
BRDA:128,4,1,1
BRF:10
BRH:4
end_of_record
TN:
SF:/home/justin/deckOfCards/blackjackHand.js
FN:5,(anonymous_0)
FN:6,(anonymous_1)
FN:9,(anonymous_2)
FN:13,(anonymous_3)
FN:14,(anonymous_4)
FN:16,(anonymous_5)
FNF:6
FNH:6
FNDA:11,(anonymous_0)
FNDA:26,(anonymous_1)
FNDA:11,(anonymous_2)
FNDA:26,(anonymous_3)
FNDA:26,(anonymous_4)
FNDA:15,(anonymous_5)
DA:1,2
DA:4,2
DA:5,2
DA:6,26
DA:7,11
DA:9,2
DA:11,11
DA:12,11
DA:13,26
DA:14,26
DA:16,15
DA:17,11
DA:19,11
DA:20,4
DA:21,4
DA:23,11
DA:48,2
LF:17
LH:17
BRDA:14,0,0,7
BRDA:14,0,1,19
BRDA:19,1,0,15
BRDA:19,1,1,4
BRF:4
BRH:4
end_of_record
TN:
SF:/home/justin/deckOfCards/card.js
FN:42,(anonymous_0)
FN:46,(anonymous_1)
FN:49,(anonymous_2)
FN:52,(anonymous_3)
FN:59,(anonymous_4)
FNF:5
FNH:5
FNDA:231,(anonymous_0)
FNDA:1,(anonymous_1)
FNDA:4,(anonymous_2)
FNDA:68,(anonymous_3)
FNDA:2,(anonymous_4)
DA:4,4
DA:6,4
DA:25,4
DA:27,231
DA:28,231
DA:31,13
DA:41,4
DA:42,4
DA:43,231
DA:44,231
DA:46,4
DA:47,1
DA:49,4
DA:50,4
DA:52,4
DA:53,68
DA:54,55
DA:56,13
DA:59,4
DA:60,2
DA:71,4
LF:21
LH:21
BRDA:42,0,0,2
BRDA:42,1,0,2
BRDA:53,2,0,55
BRDA:53,2,1,13
BRF:4
BRH:4
end_of_record
TN:
SF:/home/justin/deckOfCards/deck.js
FN:15,(anonymous_0)
FN:22,shuffle
FNF:2
FNH:2
FNDA:52,(anonymous_0)
FNDA:1,shuffle
DA:1,3
DA:8,3
DA:11,14
DA:14,1
DA:15,1
DA:17,52
DA:18,52
DA:20,1
DA:27,1
DA:28,1
DA:29,360
DA:30,360
DA:31,360
DA:35,25
DA:63,5
DA:64,5
DA:68,4
DA:70,4
DA:71,4
DA:86,4
DA:87,16
DA:88,208
DA:89,208
DA:90,208
DA:97,3
LF:25
LH:25
BRDA:9,0,0,14
BRF:1
BRH:1
end_of_record
TN:
SF:/home/justin/deckOfCards/player.js
FNF:0
FNH:0
DA:1,1
DA:2,1
DA:4,1
DA:6,2
DA:7,2
DA:8,2
DA:9,2
DA:10,2
DA:27,4
DA:31,1
LF:10
LH:10
BRF:0
BRH:0
end_of_record
