TN:
SF:/home/justin/cardGames/blackjackHand.js
FN:5,(anonymous_0)
FN:6,(anonymous_1)
FN:9,(anonymous_2)
FN:13,(anonymous_3)
FN:14,(anonymous_4)
FN:16,(anonymous_5)
FNF:6
FNH:6
FNDA:6,(anonymous_0)
FNDA:16,(anonymous_1)
FNDA:6,(anonymous_2)
FNDA:16,(anonymous_3)
FNDA:16,(anonymous_4)
FNDA:10,(anonymous_5)
DA:1,1
DA:4,1
DA:5,1
DA:6,16
DA:7,6
DA:9,1
DA:11,6
DA:12,6
DA:13,16
DA:14,16
DA:16,10
DA:17,6
DA:19,6
DA:20,4
DA:21,4
DA:23,6
DA:48,1
LF:17
LH:17
BRDA:14,0,0,2
BRDA:14,0,1,14
BRDA:19,1,0,10
BRDA:19,1,1,4
BRF:4
BRH:4
end_of_record
TN:
SF:/home/justin/cardGames/card.js
FN:42,(anonymous_0)
FN:46,(anonymous_1)
FN:49,(anonymous_2)
FN:52,(anonymous_3)
FN:59,(anonymous_4)
FNF:5
FNH:5
FNDA:19,(anonymous_0)
FNDA:1,(anonymous_1)
FNDA:1,(anonymous_2)
FNDA:6,(anonymous_3)
FNDA:2,(anonymous_4)
DA:4,2
DA:6,2
DA:25,2
DA:27,19
DA:28,19
DA:31,3
DA:41,2
DA:42,2
DA:43,19
DA:44,19
DA:46,2
DA:47,1
DA:49,2
DA:50,1
DA:52,2
DA:53,6
DA:54,3
DA:56,3
DA:59,2
DA:60,2
DA:71,2
LF:21
LH:21
BRDA:42,0,0,2
BRDA:42,1,0,2
BRDA:53,2,0,3
BRDA:53,2,1,3
BRF:4
BRH:4
end_of_record
TN:
SF:/home/justin/cardGames/deck.js
FN:14,(anonymous_0)
FN:18,shuffle
FNF:2
FNH:0
FNDA:0,(anonymous_0)
FNDA:0,shuffle
DA:1,1
DA:8,1
DA:11,6
DA:14,0
DA:15,0
DA:23,0
DA:24,0
DA:25,0
DA:26,0
DA:27,0
DA:31,16
DA:57,0
DA:58,0
DA:62,0
DA:64,0
DA:65,0
DA:80,0
DA:81,0
DA:82,0
DA:83,0
DA:84,0
DA:91,1
LF:22
LH:5
BRDA:9,0,0,6
BRF:1
BRH:1
end_of_record
